<?xml version="1.0" encoding="UTF-8"?>
<!-- Generated by org.testng.reporters.JUnitReportReporter -->
<testsuite hostname="Slomos-MacBook-Pro.local" failures="0" tests="1" name="Tests.LoginTest" time="33.425" errors="0" timestamp="2022-04-14T18:13:03 EDT" skipped="0">
  <testcase classname="Tests.LoginTest" name="logintest" time="33.425"/>
  <system-out/>
</testsuite> <!-- Tests.LoginTest -->
